1774435060.671 10531 11906 11906 I libc    : SetHeapTaggingLevel: tag level set to 0
1774435060.683 10531 11906 11906 I saas.i18n:stub3: Using CollectorTypeCMC GC.
1774435060.685 10531 11614 11623 D AppScoutStateMachine: 11614-ScoutStateMachinecreated
1774435060.694 10531 11906 11906 D nativeloader: Load libframework-connectivity-tiramisu-jni.so using APEX ns com_android_tethering for caller /apex/com.android.tethering/javalib/framework-connectivity-t.jar: ok
1774435060.702 10531 11906 11906 I MessageMonitor: Load libmiui_runtime
1774435060.735 10531 11906 11906 D MiuiMonitorThread: Shared singleton Thread for stability monitor start
1774435060.755 10531 11906 11906 D ActivityThread: setEmbeddedParam packageName=top.bienvenido.saas.i18n processName=top.bienvenido.saas.i18n:stub3 isEmbedded=false isIsolated=false
1774435060.770 10531 11906 11906 D nativeloader: Configuring clns-7 for other apk /data/app/~~NeS0Zn0ZLtY4E2p1jaJbDA==/top.bienvenido.saas.i18n--FPgDXVYpWleN-oQi7ejlg==/base.apk. target_sdk_version=36, uses_libraries=, library_path=/data/app/~~NeS0Zn0ZLtY4E2p1jaJbDA==/top.bienvenido.saas.i18n--FPgDXVYpWleN-oQi7ejlg==/lib/arm64:/data/app/~~NeS0Zn0ZLtY4E2p1jaJbDA==/top.bienvenido.saas.i18n--FPgDXVYpWleN-oQi7ejlg==/base.apk!/lib/arm64-v8a, permitted_path=/data:/mnt/expand:/data/user/0/top.bienvenido.saas.i18n
1774435060.784 10531 11906 11906 V GraphicsEnvironment: Currently set values for:
1774435060.784 10531 11906 11906 V GraphicsEnvironment:   angle_gl_driver_selection_pkgs=[]
1774435060.784 10531 11906 11906 V GraphicsEnvironment:   angle_gl_driver_selection_values=[]
1774435060.784 10531 11906 11906 V GraphicsEnvironment: Global.Settings values are invalid: number of packages: 0, number of values: 0
1774435060.784 10531 11906 11906 V GraphicsEnvironment: Neither updatable production driver nor prerelease driver is supported.
1774435060.786 10531 11906 11906 I ActivityThread: TrafficStats init done
1774435060.790 10531 11906 11906 I ForceDarkHelperStubImpl: initialize for top.bienvenido.saas.i18n , ForceDarkAppConfig: null
1774435060.792 10531 11906 11906 D nativeloader: Load libforcedarkimpl.so using system ns (caller=/system_ext/framework/miui-framework.jar): ok
1774435060.793 10531 11906 11906 D HWUI    : JNI_OnLoad success
1774435060.793 10531 11906 11906 I MiuiForceDarkConfig: setConfig density:2.000000, mainRule:0, secondaryRule:0, tertiaryRule:0
1774435060.804 10531 11906 11906 I ActivityThread: Miui Feature Init done
1774435060.808 10531 11906 11906 I ResMonitorStub: Get RMS proxy takes 0 ms
1774435060.818 10531 11906 11922 D nativeloader: Load /data/app/~~NeS0Zn0ZLtY4E2p1jaJbDA==/top.bienvenido.saas.i18n--FPgDXVYpWleN-oQi7ejlg==/lib/arm64/libmundo.so using class loader ns clns-7 (caller=/data/app/~~NeS0Zn0ZLtY4E2p1jaJbDA==/top.bienvenido.saas.i18n--FPgDXVYpWleN-oQi7ejlg==/base.apk): ok
1774435060.951 10531 11614 11614 D nativeloader: Configuring clns-8 for other apk /data/app/~~KobCrTNnGX-pMC2ijLg6Pw==/com.virtucam--0mOnl88PCliT3inztPP0w==/base.apk. target_sdk_version=35, uses_libraries=, library_path=/data/app/~~KobCrTNnGX-pMC2ijLg6Pw==/com.virtucam--0mOnl88PCliT3inztPP0w==/lib/arm64, permitted_path=/data:/mnt/expand:/data/user/0/top.bienvenido.saas.i18n/app_split/com.virtucam/0
1774435060.975 10531 11614 11614 D MbrainDebugManagerImpl: getService failed
1774435060.994 10531 11614 11614 W libc    : Access denied finding property "ro.vendor.perf.scroll_opt"
1774435061.003 10531 11614 11614 D nativeloader: Load libpowerhalwrap_jni.so using system ns (caller=/system_ext/framework/mediatek-framework.jar): ok
1774435061.003 10531 11614 11614 I PowerHalWrapper: PowerHalWrapper.getInstance
1774435061.004 10531 11614 11614 I M-ProMotion: M-ProMotion is disabled
1774435061.012 10531 11614 11614 I ActivityThread: HardwareRenderer preload  done
1774435061.014 10531 11614 11939 D vulkan  : searching for layers in '/data/app/~~NeS0Zn0ZLtY4E2p1jaJbDA==/top.bienvenido.saas.i18n--FPgDXVYpWleN-oQi7ejlg==/lib/arm64'
1774435061.015 10531 11614 11939 D vulkan  : searching for layers in '/data/app/~~NeS0Zn0ZLtY4E2p1jaJbDA==/top.bienvenido.saas.i18n--FPgDXVYpWleN-oQi7ejlg==/base.apk!/lib/arm64-v8a'
1774435061.017 10531 11614 11939 D vulkan  : searching for layers in '/data/app/~~NeS0Zn0ZLtY4E2p1jaJbDA==/top.bienvenido.saas.i18n--FPgDXVYpWleN-oQi7ejlg==/lib/arm64'
1774435061.018 10531 11614 11939 D vulkan  : searching for layers in '/data/app/~~NeS0Zn0ZLtY4E2p1jaJbDA==/top.bienvenido.saas.i18n--FPgDXVYpWleN-oQi7ejlg==/base.apk!/lib/arm64-v8a'
1774435061.026 10531 11614 11939 D MMUD    : mtk_memory_debug_init com.virtucam 0x79d9dd35d0
1774435061.031 10531 11614 11954 E saas.i18n:stub2: setpriority success to 100 : mali-cmar-backend
1774435061.065 10531 11614 11614 D AppCompatDelegate: Checking for metadata for AppLocalesMetadataHolderService : Service not found
1774435061.108 10531 11614 11614 W libc    : Access denied finding property "persist.vendor.camera.IsVariableApertureSupported"
1774435061.108 10531 11614 11614 W libc    : Access denied finding property "persist.vendor.camera.IsStreetModeSupported"
1774435061.113 10531 11614 11614 W libc    : Access denied finding property "ro.vendor.df.effect.conflict"
1774435061.116 10531 11614 11614 D ScrollerOptimizationManager: registerConfigChangedListener
1774435061.117 10531 11614 11614 W libc    : Access denied finding property "ro.vendor.mi_sf.new_dynamic_refresh_rate"
1774435061.117 10531 11614 11614 D SplineOverScroller: dynamic params is false
1774435061.128 10531 11614 11943 D MMUD    : get_leak_baseline 3246391296
1774435061.135 10531 11906 11932 D VirtuCam_Main: VirtuCam_Main: ENTRY POINT LOADED INTO MEMORY
1774435061.188 10531 11614 11614 I SurfaceFactory: [static] sSurfaceFactory = com.mediatek.view.impl.SurfaceFactoryImpl@fe0a441
1774435061.193 10531 11614 11614 D MiuiMultiWindowUtils: freeform resolution args raw data:{  "wide_default":{    "freeform_args": {        "vertical_portrait":{"aspect_ratio":0.626, "original_ratio":0.5643,"original_scale":0.74,"top_margin":0.168,"left_margin":0.484},        "horizontal_portrait":{"aspect_ratio":0.626, "original_ratio":0.5643,"original_scale":0.74,"top_margin":0.1222,"left_margin":0.59745},        "vertical_landscape":{"aspect_ratio":1.6, "original_ratio":1,"original_scale":0.604,"top_margin":0.2596,"left_margin":0.2624},        "horizontal_landscape":{"aspect_ratio":1.6, "original_ratio":1,"original_scale":0.604,"top_margin":0.213,"left_margin":0.3758}    },    "mini_freeform_args":{        "vertical_portrait":{"original_ratio":0.147},        "horizontal_portrait":{"original_ratio":0.147},        "vertical_landscape":{"original_ratio":0.165},        "horizontal_landscape":{"original_ratio":0.165}    }  },  "narrow_default": {    "freeform_args": {        "vertical_portrait":{"aspect_ratio":0.626, "original_ratio":1,"original_scale":0.74,"top_margin":0.0753,"left_margin":-1},        "horizontal_portrait":{"aspect_ratio":0.626, "original_ratio":1,"original_scale":0.5756,"top_margin":-1,"left_margin":0.0753},        "vertical_landscape":{"aspect_ratio":1.6, "original_ratio":0.6847,"original_scale":0.587,"top_margin":0.0753,"left_margin":-1},        "horizontal_landscape":{"aspect_ratio":1.6, "original_ratio":0.6847,"original_scale":0.587,"top_margin":-1,"left_margin":0.0753}    },    "mini_freeform_args":{        "vertical_portrait":{"original_ratio":0.26},        "horizontal_portrait":{"original_ratio":0.26},        "vertical_landscape":{"original_ratio":0.293},        "horizontal_landscape":{"original_ratio":0.293}    }  },  "regular_default": {    "freeform_args": {      "vertical_portrait":{"aspect_ratio":0.625, "original_ratio":1,"original_scale":0.7,"top_margin":0.109,"left_margin":-1},      "horizontal_portrait":{"aspect_ratio":0.6667, "original_ratio":1,"original_scale":0.6102,"top_margin":-1,"left_margin":0.026},      "vertical_landscape":{"aspect_ratio":1.6, "original_ratio":1,"original_scale":0.4244,"top_margin":0.109,"left_margin":-1},      "horizontal_landscape":{"aspect_ratio":1.6, "original_ratio":1,"original_scale":0.4244,"top_margin":-1,"left_margin":0.026}    },    "mini_freeform_args":{      "vertical_portrait":{"original_ratio":0.25},      "horizontal_portrait":{"original_ratio":0.25},      "vertical_landscape":{"original_ratio":0.25},      "horizontal_landscape":{"original_ratio":0.25}    }  },  "pad_default": {    "freeform_args": {      "vertical_portrait":{"aspect_ratio":0.5625, "original_ratio":0.375,"original_scale":0.835,"top_margin":0.049,"left_margin":0.2775},      "horizontal_portrait":{"aspect_ratio":0.5625, "original_ratio":0.375,"original_scale":0.835,"top_margin":-1,"left_margin":0.6525},      "vertical_landscape":{"aspect_ratio":-1, "original_ratio":1,"original_scale":0.468,"top_margin":0.049,"left_margin":-1},      "horizontal_landscape":{"aspect_ratio":-1, "original_ratio":1,"original_scale":0.468,"top_margin":-1,"left_margin":0.4976}    },    "mini_freeform_args":{      "vertical_portrait":{"original_ratio":0.144},      "horizontal_portrait":{"original_ratio":0.144},      "vertical_landscape":{"original_ratio":0.2},      "horizontal_landscape":{"original_ratio":0.2}    }  }}
1774435061.194 10531 11614 11614 D MiuiMultiWindowUtils: initFreeFormResolutionArgs failed, device is pond
1774435061.194 10531 11614 11614 D IS_CTS_MODE: false
1774435061.194 10531 11614 11614 D MULTI_WINDOW_SWITCH_ENABLED: false
1774435061.215 10531 11614 11614 D ScrollerOptimizationManager: registerConfigChangedListener
1774435061.258 10531 11614 11614 D ScrollerOptimizationManager: registerConfigChangedListener
1774435061.409 10531 11614 11614 I ExoPlayerImpl: Init d11efe0 [AndroidXMedia3/1.3.1] [pond, 2409BRN2CA, Xiaomi, 35]
1774435061.520 10531 11614 11614 I ExoPlayerImpl: Release d11efe0 [AndroidXMedia3/1.3.1] [pond, 2409BRN2CA, Xiaomi, 35] [media3.common, media3.ui, media3.exoplayer, media3.decoder, media3.exoplayer.rtsp]
1774435061.554 10531 11614 11614 I ExoPlayerImpl: Init cd08a7d [AndroidXMedia3/1.3.1] [pond, 2409BRN2CA, Xiaomi, 35]
1774435061.580 10531 11614 11614 D SecurityManager: checkAccessControl flag0
1774435061.582 10531 11614 11614 D ActivityThread: handleResumeActivity#3 r.window=nulla.mFinished = falsewillBeVisible = true
1774435061.583 10531 11614 11614 D ActivityThread: handleResumeActivity#4 addView a.mVisibleFromClient=truea.mWindowAdded=falsedecor=DecorView@d1da488[]
1774435061.583 10531 11614 11614 D ActivityThread: handleResumeActivity#5 addView decor=DecorView@d1da488[]
1774435061.583 10531 11614 11937 I PowerHalWrapper: PowerHalWrapper.getInstance
1774435061.596 10531 11614 11614 W HWUI    : Unknown dataspace 0
1774435061.596 10531 11614 11939 W libc    : Access denied finding property "ro.vendor.display.iris_x7.support"
1774435061.599 10531 11614 11614 I ForceDarkHelperStubImpl: setViewRootImplForceDark: false for com.virtucam.MainActivity@33be04e, reason: AppDarkModeEnable
1774435061.600 10531 11614 11614 D VRI[MainActivity]: hardware acceleration = true, forceHwAccelerated = false
1774435061.600 10531 11614 11614 I ViewRootImpl: com.virtucam/com.virtucam.MainActivity use first frame acceleration
1774435061.608 10531 11614 11614 D InputEventReceiver: Input log is disabled in InputEventReceiver.
1774435061.611 10531 11614 11614 I Choreographer: Skipped 56 frames!  The application may be doing too much work on its main thread.
1774435061.611 10531 11614 11614 D UserSceneDetector: invoke error.
1774435061.652 10531 11614 11614 D BufferQueueConsumer: [](id:2d5e00000000,api:0,p:-1,c:11614) connect: controlledByApp=false
1774435061.653 10531 11614 11614 D BLASTBufferQueue: [VRI[MainActivity]#0](f:0,a:0) constructor()
1774435061.653 10531 11614 11614 D BLASTBufferQueue: [VRI[MainActivity]#0](f:0,a:0) update width=720 height=1640 format=-3 mTransformHint=0
1774435061.664 10531 11614 11614 D VRI[MainActivity]: vri.reportNextDraw android.view.ViewRootImpl.performTraversals:4965 android.view.ViewRootImpl.doTraversal:3571 android.view.ViewRootImpl$TraversalRunnable.run:11781 android.view.Choreographer$CallbackRecord.run:1808 android.view.Choreographer$CallbackRecord.run:1817
1774435061.664 10531 11614 11614 D SurfaceView: UPDATE null, mIsCastMode = false
1774435061.668 10531 11614 11614 D BufferQueueConsumer: [](id:2d5e00000001,api:0,p:-1,c:11614) connect: controlledByApp=false
1774435061.669 10531 11614 11614 D BLASTBufferQueue: [SurfaceView[com.virtucam/com.virtucam.MainActivity]#1](f:0,a:0) constructor()
1774435061.669 10531 11614 11614 D BLASTBufferQueue: [SurfaceView[com.virtucam/com.virtucam.MainActivity]#1](f:0,a:0) update width=544 height=400 format=4 mTransformHint=0
1774435061.671 10531 11614 11614 D VRI[MainActivity]: Setup new sync=wmsSync-VRI[MainActivity]#1
1774435061.672 10531 11614 11614 D UserSceneDetector: invoke error.
1774435061.694 10531 11614 11614 W libc    : Access denied finding property "ro.vendor.display.iris_x7.support"
1774435061.695 10531 11614 11939 D HWUI    : makeCurrent grContext:0x783c911ed0 reset mTextureAvailable
1774435061.697 10531 11614 11939 D saas.i18n:stub2: MiuiProcessManagerServiceStub setSchedFifo
1774435061.697 10531 11614 11939 I MiuiProcessManagerImpl: setSchedFifo pid:11614, mode:3
1774435061.698 10531 11614 11939 D MAGT_SYNC_FRAME: MAGT Sync: MAGT is not supported. Disabling Sync.
1774435061.706 10531 11614 11939 D saas.i18n:stub2: Can't load libmbrainSDK
1774435061.708 10531 11614 11939 I GrallocExtra: gralloc_extra_query:is_SW3D 0
1774435061.709 10531 11614 11939 W libc    : Access denied finding property "ro.vendor.display.iris_x7.support"
1774435061.757 10531 11614 11939 I GrallocExtra: gralloc_extra_query:is_SW3D 0
1774435061.757 10531 11614 11939 W libc    : Access denied finding property "ro.vendor.display.iris_x7.support"
1774435061.757 10531 11614 11939 D BLASTBufferQueue: [VRI[MainActivity]#0](f:0,a:1) acquireNextBufferLocked size=720x1640 mFrameNumber=1 applyTransaction=true mTimestamp=310482439485966(auto) mPendingTransactions.size=0 graphicBufferId=49881750175744 transform=0
1774435061.758 10531 11614 11939 D saas.i18n:stub2: Can't load libmbrainSDK
1774435061.759 10531 11614 11614 D VRI[MainActivity]: vri.reportDrawFinished
1774435061.760 10531 11614 11614 I Choreographer: first vsync insert message into MessageQueue Head
1774435061.762 10531 11614 11614 D SurfaceView: UPDATE Surface(name=SurfaceView[com.virtucam/com.virtucam.MainActivity]#82550)/@0x7b7580b, mIsProjectionMode = false
1774435061.780 10531 11614 11939 W libc    : Access denied finding property "ro.vendor.display.iris_x7.support"
1774435061.780 10531 11614 11614 I ForceDarkHelperStubImpl: setViewRootImplForceDark: false for com.virtucam.MainActivity@33be04e, reason: AppDarkModeEnable
1774435061.780 10531 11614 11614 D VRI[Toast]: hardware acceleration = true, forceHwAccelerated = false
1774435061.780 10531 11614 11614 I ViewRootImpl: Toast use first frame acceleration
1774435061.786 10531 11614 11614 D InputEventReceiver: Input log is disabled in InputEventReceiver.
1774435061.793 10531 11614 11622 I HWUI    : Davey! duration=778ms; Flags=33, FrameTimelineVsyncId=105300239, IntendedVsync=310481662709193, Vsync=310482283604657, InputEventId=0, HandleInputStart=310482295138658, AnimationStart=310482295140735, PerformTraversalsStart=310482295390043, DrawStart=310482356321427, FrameDeadline=310481682709193, FrameInterval=310482294033735, FrameStartTime=11087419, InputEventTime=0, InputEventAction=0, FirstTimeForInputEventAction=0, SyncQueued=310482377726581, SyncStart=310482377882043, IssueDrawCommandsStart=310482381116504, SwapBuffers=310482438083273, FrameCompleted=310482441375581, DequeueBufferDuration=7553847, QueueBufferDuration=1032000, GpuCompleted=310482440370273, SwapBuffersCompleted=310482441375581, DisplayPresentTime=0, CommandSubmissionCompleted=310482438083273,
1774435061.801 10531 11614 11614 D BufferQueueConsumer: [](id:2d5e00000002,api:0,p:-1,c:11614) connect: controlledByApp=false
1774435061.803 10531 11614 11614 D BLASTBufferQueue: [VRI[Toast]#2](f:0,a:0) constructor()
1774435061.803 10531 11614 11614 D BLASTBufferQueue: [VRI[Toast]#2](f:0,a:0) update width=602 height=233 format=-3 mTransformHint=0
1774435061.804 10531 11614 11614 I ForceDarkHelperStubImpl: setViewRootImplForceDark: false for com.virtucam.MainActivity@33be04e, reason: AppDarkModeEnable
1774435061.806 10531 11614 11614 D VRI[Toast]: vri.reportNextDraw android.view.ViewRootImpl.performTraversals:4965 android.view.ViewRootImpl.doTraversal:3571 android.view.ViewRootImpl$TraversalRunnable.run:11781 android.view.Choreographer$CallbackRecord.run:1808 android.view.Choreographer$CallbackRecord.run:1817
1774435061.806 10531 11614 11614 D VRI[Toast]: Setup new sync=wmsSync-VRI[Toast]#3
1774435061.808 10531 11614 11939 D HWUI    : makeCurrent grContext:0x783c911ed0 reset mTextureAvailable
1774435061.811 10531 11614 11939 D BLASTBufferQueue: [VRI[Toast]#2](f:0,a:1) acquireNextBufferLocked size=602x233 mFrameNumber=1 applyTransaction=true mTimestamp=310482494197966(auto) mPendingTransactions.size=0 graphicBufferId=49881750175748 transform=0
1774435061.812 10531 11614 11614 D VRI[Toast]: vri.reportDrawFinished
1774435061.816 10531 11614 11614 I Choreographer: first vsync insert message into MessageQueue Head
1774435061.838 10531 11614 11614 I HandWritingStubImpl: refreshLastKeyboardType: 1
1774435061.839 10531 11614 11614 I HandWritingStubImpl: getCurrentKeyboardType: 1
1774435061.865 10531 11614 11614 I HandWritingStubImpl: getCurrentKeyboardType: 1
1774435061.987 10531 11614 11618 I saas.i18n:stub2: Background young concurrent mark compact GC freed 3442KB AllocSpace bytes, 6(108KB) LOS objects, 41% free, 4897KB/8375KB, paused 3.447ms,7.564ms total 119.621ms
1774435062.671 10531 12119 11895 I FA      : Application backgrounded at: timestamp_millis: 1774435060670
1774435062.898 10531 11614 11614 I MIUIInput: [MotionEvent] ViewRootImpl windowName 'com.virtucam/com.virtucam.MainActivity', { action=ACTION_DOWN, id[0]=0, pointerCount=1, eventTime=310483577, downTime=310483577, phoneEventTime=13:37:42.895 } moveCount:0
1774435062.902 10531 11614 11614 W MirrorManager: this model don't Support
1774435063.013 10531 11614 11614 I MIUIInput: [MotionEvent] ViewRootImpl windowName 'com.virtucam/com.virtucam.MainActivity', { action=ACTION_UP, id[0]=0, pointerCount=1, eventTime=310483692, downTime=310483577, phoneEventTime=13:37:43.009 } moveCount:4
1774435063.015 10531 11614 11614 D SplineOverScroller: mFlingDuration: 2030,mFlingDistance: 1805.1162109375,mVelocity: 3931
1774435063.015 10531 11614 11614 I ScrollIdentify: on fling
1774435063.529 10531 11614 11614 W WindowOnBackDispatcher: sendCancelIfRunning: isInProgress=false callback=android.view.ViewRootImpl$$ExternalSyntheticLambda12@f5259fb
1774435063.532 10531 11614 11614 D View    : [Warning] assignParent to null: this = android.widget.LinearLayout{7b7972c V.E...... ......ID 0,0-602,233}
1774435063.532 10531 11614 11614 D BLASTBufferQueue: [VRI[Toast]#2](f:0,a:1) destructor()
1774435063.533 10531 11614 11614 D BufferQueueConsumer: [VRI[Toast]#2(BLAST Consumer)2](id:2d5e00000002,api:0,p:-1,c:11614) disconnect
1774435063.545 10531 11614 11939 W libc    : Access denied finding property "ro.vendor.display.iris_x7.support"
1774435063.545 10531 11614 11614 I ForceDarkHelperStubImpl: setViewRootImplForceDark: false for com.virtucam.MainActivity@33be04e, reason: AppDarkModeEnable
1774435063.545 10531 11614 11614 D VRI[Toast]: hardware acceleration = true, forceHwAccelerated = false
1774435063.545 10531 11614 11614 I ViewRootImpl: Toast use first frame acceleration
1774435063.554 10531 11614 11614 D InputEventReceiver: Input log is disabled in InputEventReceiver.
1774435063.556 10531 11614 11614 I Choreographer: first vsync insert message into MessageQueue Head
1774435063.568 10531 11614 11614 D BufferQueueConsumer: [](id:2d5e00000003,api:0,p:-1,c:11614) connect: controlledByApp=false
1774435063.569 10531 11614 11614 D BLASTBufferQueue: [VRI[Toast]#3](f:0,a:0) constructor()
1774435063.570 10531 11614 11614 D BLASTBufferQueue: [VRI[Toast]#3](f:0,a:0) update width=400 height=233 format=-3 mTransformHint=0
1774435063.571 10531 11614 11614 I ForceDarkHelperStubImpl: setViewRootImplForceDark: false for com.virtucam.MainActivity@33be04e, reason: AppDarkModeEnable
1774435063.574 10531 11614 11614 D VRI[Toast]: vri.reportNextDraw android.view.ViewRootImpl.performTraversals:4965 android.view.ViewRootImpl.doTraversal:3571 android.view.ViewRootImpl$TraversalRunnable.run:11781 android.view.Choreographer$CallbackRecord.run:1808 android.view.Choreographer$CallbackRecord.run:1817
1774435063.574 10531 11614 11614 D VRI[Toast]: Setup new sync=wmsSync-VRI[Toast]#5
1774435063.576 10531 11614 11939 D HWUI    : makeCurrent grContext:0x783c911ed0 reset mTextureAvailable
1774435063.582 10531 11614 11939 D BLASTBufferQueue: [VRI[Toast]#3](f:0,a:1) acquireNextBufferLocked size=400x233 mFrameNumber=1 applyTransaction=true mTimestamp=310484264514658(auto) mPendingTransactions.size=0 graphicBufferId=49881750175758 transform=0
1774435063.583 10531 11614 11614 D VRI[Toast]: vri.reportDrawFinished
1774435063.740 10531 11614 11614 I MIUIInput: [MotionEvent] ViewRootImpl windowName 'com.virtucam/com.virtucam.MainActivity', { action=ACTION_DOWN, id[0]=0, pointerCount=1, eventTime=310484419, downTime=310484419, phoneEventTime=13:37:43.736 } moveCount:0
1774435063.741 10531 11614 11614 E SplineOverScroller: unnecessary adjustClockInNanos, timeInNanos = 310484423840120
1774435063.889 10531 11614 11614 I MIUIInput: [MotionEvent] ViewRootImpl windowName 'com.virtucam/com.virtucam.MainActivity', { action=ACTION_UP, id[0]=0, pointerCount=1, eventTime=310484569, downTime=310484419, phoneEventTime=13:37:43.886 } moveCount:11
1774435063.891 10531 11614 11614 D SplineOverScroller: mFlingDuration: 1942,mFlingDistance: 1491.6278076171875,mVelocity: -3257
1774435063.891 10531 11614 11614 I ScrollIdentify: on fling
1774435064.083 10531 11614 11614 I MIUIInput: [MotionEvent] ViewRootImpl windowName 'com.virtucam/com.virtucam.MainActivity', { action=ACTION_DOWN, id[0]=0, pointerCount=1, eventTime=310484763, downTime=310484763, phoneEventTime=13:37:44.080 } moveCount:0
1774435064.083 10531 11614 11614 E SplineOverScroller: unnecessary adjustClockInNanos, timeInNanos = 310484766393427
1774435064.552 10531 11614 11939 E LB      : fail to open file: No such file or directory
1774435064.552 10531 11614 11939 E LB      : fail to open node: No such file or directory
1774435064.552 10531 11614 11939 E LB      : fail to open node: No such file or directory
1774435064.567 10531 11614 11614 I MIUIInput: [MotionEvent] ViewRootImpl windowName 'com.virtucam/com.virtucam.MainActivity', { action=ACTION_UP, id[0]=0, pointerCount=1, eventTime=310485245, downTime=310484763, phoneEventTime=13:37:44.562 } moveCount:24
1774435064.568 10531 11614 11614 D SplineOverScroller: mFlingDuration: 1370,mFlingDistance: 419.53485107421875,mVelocity: -952
1774435064.568 10531 11614 11614 I ScrollIdentify: on fling
1774435064.767 10531 11614 11939 E saas.i18n:stub2: DynamicFPS DF open fail: No such file or directory
1774435065.538 10531 11614 11614 W WindowOnBackDispatcher: sendCancelIfRunning: isInProgress=false callback=android.view.ViewRootImpl$$ExternalSyntheticLambda12@13608bf
1774435065.542 10531 11614 11614 D View    : [Warning] assignParent to null: this = android.widget.LinearLayout{7fdc960 V.E...... ......ID 0,0-400,233}
1774435065.542 10531 11614 11614 D BLASTBufferQueue: [VRI[Toast]#3](f:0,a:1) destructor()
1774435065.543 10531 11614 11614 D BufferQueueConsumer: [VRI[Toast]#3(BLAST Consumer)3](id:2d5e00000003,api:0,p:-1,c:11614) disconnect
1774435065.560 10531 11614 11939 W libc    : Access denied finding property "ro.vendor.display.iris_x7.support"
1774435065.561 10531 11614 11614 I ForceDarkHelperStubImpl: setViewRootImplForceDark: false for com.virtucam.MainActivity@33be04e, reason: AppDarkModeEnable
1774435065.561 10531 11614 11614 D VRI[Toast]: hardware acceleration = true, forceHwAccelerated = false
1774435065.561 10531 11614 11614 I ViewRootImpl: Toast use first frame acceleration
1774435065.567 10531 11614 11614 D InputEventReceiver: Input log is disabled in InputEventReceiver.
1774435065.593 10531 11614 11614 D BufferQueueConsumer: [](id:2d5e00000004,api:0,p:-1,c:11614) connect: controlledByApp=false
1774435065.594 10531 11614 11614 D BLASTBufferQueue: [VRI[Toast]#4](f:0,a:0) constructor()
1774435065.595 10531 11614 11614 D BLASTBufferQueue: [VRI[Toast]#4](f:0,a:0) update width=602 height=233 format=-3 mTransformHint=0
1774435065.599 10531 11614 11614 I ForceDarkHelperStubImpl: setViewRootImplForceDark: false for com.virtucam.MainActivity@33be04e, reason: AppDarkModeEnable
1774435065.602 10531 11614 11614 D VRI[Toast]: vri.reportNextDraw android.view.ViewRootImpl.performTraversals:4965 android.view.ViewRootImpl.doTraversal:3571 android.view.ViewRootImpl$TraversalRunnable.run:11781 android.view.Choreographer$CallbackRecord.run:1808 android.view.Choreographer$CallbackRecord.run:1817
1774435065.602 10531 11614 11614 D VRI[Toast]: Setup new sync=wmsSync-VRI[Toast]#7
1774435065.607 10531 11614 11939 D HWUI    : makeCurrent grContext:0x783c911ed0 reset mTextureAvailable
1774435065.612 10531 11614 11939 D BLASTBufferQueue: [VRI[Toast]#4](f:0,a:1) acquireNextBufferLocked size=602x233 mFrameNumber=1 applyTransaction=true mTimestamp=310486294964120(auto) mPendingTransactions.size=0 graphicBufferId=49881750175765 transform=0
1774435065.615 10531 11614 11614 D VRI[Toast]: vri.reportDrawFinished
1774435065.623 10531 11614 11614 I Choreographer: first vsync insert message into MessageQueue Head
1774435066.824 10531 11614 11984 D ProfileInstaller: Installing profile for com.virtucam
1774435067.022 10531 11614 11614 I MIUIInput: [MotionEvent] ViewRootImpl windowName 'com.virtucam/com.virtucam.MainActivity', { action=ACTION_DOWN, id[0]=0, pointerCount=1, eventTime=310487703, downTime=310487703, phoneEventTime=13:37:47.020 } moveCount:0
1774435067.104 10531 11614 11614 I MIUIInput: [MotionEvent] ViewRootImpl windowName 'com.virtucam/com.virtucam.MainActivity', { action=ACTION_UP, id[0]=0, pointerCount=1, eventTime=310487785, downTime=310487703, phoneEventTime=13:37:47.102 } moveCount:2
1774435067.109 10531 11614 11614 I ExoPlayerImpl: Release cd08a7d [AndroidXMedia3/1.3.1] [pond, 2409BRN2CA, Xiaomi, 35] [media3.common, media3.ui, media3.exoplayer, media3.decoder, media3.exoplayer.rtsp]
1774435067.111 10531 11614 11614 I ExoPlayerImpl: Init 1fe2dfd [AndroidXMedia3/1.3.1] [pond, 2409BRN2CA, Xiaomi, 35]
1774435067.144 10531 11614 11939 E saas.i18n:stub2: FrameInsert open fail: No such file or directory
1774435067.520 10531 11614 11614 W WindowOnBackDispatcher: sendCancelIfRunning: isInProgress=false callback=android.view.ViewRootImpl$$ExternalSyntheticLambda12@3df478d
1774435067.523 10531 11614 11614 D View    : [Warning] assignParent to null: this = android.widget.LinearLayout{e1c7bb6 V.E...... ......ID 0,0-602,233}
1774435067.524 10531 11614 11614 D BLASTBufferQueue: [VRI[Toast]#4](f:0,a:1) destructor()
1774435067.524 10531 11614 11614 D BufferQueueConsumer: [VRI[Toast]#4(BLAST Consumer)4](id:2d5e00000004,api:0,p:-1,c:11614) disconnect
1774435067.542 10531 11614 11939 W libc    : Access denied finding property "ro.vendor.display.iris_x7.support"
1774435067.543 10531 11614 11614 I ForceDarkHelperStubImpl: setViewRootImplForceDark: false for com.virtucam.MainActivity@33be04e, reason: AppDarkModeEnable
1774435067.543 10531 11614 11614 D VRI[Toast]: hardware acceleration = true, forceHwAccelerated = false
1774435067.543 10531 11614 11614 I ViewRootImpl: Toast use first frame acceleration
1774435067.550 10531 11614 11614 D InputEventReceiver: Input log is disabled in InputEventReceiver.
1774435067.578 10531 11614 11614 D BufferQueueConsumer: [](id:2d5e00000005,api:0,p:-1,c:11614) connect: controlledByApp=false
1774435067.579 10531 11614 11614 D BLASTBufferQueue: [VRI[Toast]#5](f:0,a:0) constructor()
1774435067.579 10531 11614 11614 D BLASTBufferQueue: [VRI[Toast]#5](f:0,a:0) update width=371 height=233 format=-3 mTransformHint=0
1774435067.583 10531 11614 11614 I ForceDarkHelperStubImpl: setViewRootImplForceDark: false for com.virtucam.MainActivity@33be04e, reason: AppDarkModeEnable
1774435067.585 10531 11614 11614 D VRI[Toast]: vri.reportNextDraw android.view.ViewRootImpl.performTraversals:4965 android.view.ViewRootImpl.doTraversal:3571 android.view.ViewRootImpl$TraversalRunnable.run:11781 android.view.Choreographer$CallbackRecord.run:1808 android.view.Choreographer$CallbackRecord.run:1817
1774435067.586 10531 11614 11614 D VRI[Toast]: Setup new sync=wmsSync-VRI[Toast]#9
1774435067.588 10531 11614 11939 D HWUI    : makeCurrent grContext:0x783c911ed0 reset mTextureAvailable
1774435067.595 10531 11614 11939 D BLASTBufferQueue: [VRI[Toast]#5](f:0,a:1) acquireNextBufferLocked size=371x233 mFrameNumber=1 applyTransaction=true mTimestamp=310488277445120(auto) mPendingTransactions.size=0 graphicBufferId=49881750175772 transform=0
1774435067.597 10531 11614 11614 D VRI[Toast]: vri.reportDrawFinished
1774435067.599 10531 11614 11614 I Choreographer: first vsync insert message into MessageQueue Head
1774435067.601 10531 11614 11614 D VRI[Toast]: vri.reportNextDraw android.view.ViewRootImpl.handleResized:2773 android.view.ViewRootImpl.-$$Nest$mhandleResized:0 android.view.ViewRootImpl$W.resized:12932 android.app.servertransaction.WindowStateResizeItem.execute:64 android.app.servertransaction.WindowStateTransactionItem.execute:59
1774435067.603 10531 11614 11614 D VRI[Toast]: Setup new sync=wmsSync-VRI[Toast]#11
1774435067.604 10531 11614 11614 D VRI[Toast]: vri.reportDrawFinished
1774435069.522 10531 11614 11614 W WindowOnBackDispatcher: sendCancelIfRunning: isInProgress=false callback=android.view.ViewRootImpl$$ExternalSyntheticLambda12@8be4a2
1774435069.560 10531 11614 11614 D View    : [Warning] assignParent to null: this = android.widget.LinearLayout{6e40d16 V.E...... ......ID 0,0-371,233}
1774435069.562 10531 11614 11614 D BLASTBufferQueue: [VRI[Toast]#5](f:0,a:1) destructor()
1774435069.563 10531 11614 11614 D BufferQueueConsumer: [VRI[Toast]#5(BLAST Consumer)5](id:2d5e00000005,api:0,p:-1,c:11614) disconnect
1774435070.436 10531 11614 11614 D VRI[MainActivity]: visibilityChanged oldVisibility=true newVisibility=false
1774435070.436 10531 12119 12119 D VRI[MainAbility]: visibilityChanged oldVisibility=true newVisibility=false
1774435070.458 10531 12119 12119 D BLASTBufferQueue: [VRI[MainAbility]#27](f:0,a:4) destructor()
1774435070.459 10531 12119 12119 D BufferQueueConsumer: [VRI[MainAbility]#27(BLAST Consumer)27](id:2f570000001b,api:0,p:-1,c:12119) disconnect
1774435070.471 10531 11614 11614 D BLASTBufferQueue: [VRI[MainActivity]#0](f:0,a:2) destructor()
1774435070.472 10531 11614 11614 D BufferQueueConsumer: [VRI[MainActivity]#0(BLAST Consumer)0](id:2d5e00000000,api:0,p:-1,c:11614) disconnect
1774435070.479 10531 11614 11614 D BLASTBufferQueue: [SurfaceView[com.virtucam/com.virtucam.MainActivity]#1](f:0,a:0) destructor()
1774435070.480 10531 11614 11614 D BufferQueueConsumer: [SurfaceView[com.virtucam/com.virtucam.MainActivity]#1(BLAST Consumer)1](id:2d5e00000001,api:0,p:-1,c:11614) disconnect
1774435070.959 10531 12119 12119 I ForceDarkHelperStubImpl: setViewRootImplForceDark: false for top.bienvenido.saas.i18n.ability.MainAbility@11a648d, reason: AppDarkModeEnable
1774435070.971 10531 12119 12328 D AppScoutStateMachine: 12119-ScoutStateMachinecreated
1774435071.002 10531 12119 12119 D SecurityManager: checkAccessControl flag1
1774435071.003 10531 12119 12119 D ActivityThread: handleResumeActivity#3 r.window=com.android.internal.policy.PhoneWindow@988bf00a.mFinished = falsewillBeVisible = true
1774435071.039 10531 12119 12119 D BufferQueueConsumer: [](id:2f570000001c,api:0,p:-1,c:12119) connect: controlledByApp=false
1774435071.042 10531 12119 12119 D BLASTBufferQueue: [VRI[MainAbility]#28](f:0,a:0) constructor()
1774435071.042 10531 12119 12119 D BLASTBufferQueue: [VRI[MainAbility]#28](f:0,a:0) update width=720 height=1640 format=-1 mTransformHint=0
1774435071.044 10531 12119 12119 D VRI[MainAbility]: vri.reportNextDraw android.view.ViewRootImpl.performTraversals:4965 android.view.ViewRootImpl.doTraversal:3571 android.view.ViewRootImpl$TraversalRunnable.run:11781 android.view.Choreographer$CallbackRecord.run:1808 android.view.Choreographer$CallbackRecord.run:1817
1774435071.044 10531 12119 12119 D VRI[MainAbility]: Setup new sync=wmsSync-VRI[MainAbility]#68
1774435071.064 10531 12119 12235 D BLASTBufferQueue: [VRI[MainAbility]#28](f:0,a:1) acquireNextBufferLocked size=720x1640 mFrameNumber=1 applyTransaction=true mTimestamp=310491747040505(auto) mPendingTransactions.size=0 graphicBufferId=52050708660424 transform=0
1774435071.068 10531 12119 12119 D VRI[MainAbility]: vri.reportDrawFinished
1774435071.104 10531 12119 12119 I HandWritingStubImpl: refreshLastKeyboardType: 1
1774435071.104 10531 12119 12119 I HandWritingStubImpl: getCurrentKeyboardType: 1
1774435071.280 10531 12119 12119 I MIUIInput: [MotionEvent] ViewRootImpl windowName 'top.bienvenido.saas.i18n/top.bienvenido.saas.i18n.ability.MainAbility', { action=ACTION_DOWN, id[0]=0, pointerCount=1, eventTime=310491961, downTime=310491961, phoneEventTime=13:37:51.278 } moveCount:0
1774435071.490 10531 12119 12119 I MiInputConsumer: optimized resample latency: 3775551 ns
1774435071.623 10531 12119 12119 I MIUIInput: [MotionEvent] ViewRootImpl windowName 'top.bienvenido.saas.i18n/top.bienvenido.saas.i18n.ability.MainAbility', { action=ACTION_UP, id[0]=0, pointerCount=1, eventTime=310492302, downTime=310491961, phoneEventTime=13:37:51.620 } moveCount:25
1774435071.623 10531 12119 12119 I ScrollIdentify: on fling
1774435073.068 10531 12119 12119 D VRI[MainAbility]: visibilityChanged oldVisibility=true newVisibility=false
1774435073.095 10531 12119 12119 D BLASTBufferQueue: [VRI[MainAbility]#28](f:0,a:2) destructor()
1774435073.098 10531 12119 12119 D BufferQueueConsumer: [VRI[MainAbility]#28(BLAST Consumer)28](id:2f570000001c,api:0,p:-1,c:12119) disconnect
1774435074.319 10531 12119 11895 I FA      : Application backgrounded at: timestamp_millis: 1774435072318